<?xml version="1.0" encoding="UTF-8"?>
<testng-results skipped="0" failed="0" ignored="0" total="1" passed="1">
  <reporter-output>
  </reporter-output>
  <suite name="Default suite" duration-ms="58835" started-at="2019-06-27T04:49:19Z" finished-at="2019-06-27T04:50:18Z">
    <groups>
    </groups>
    <test name="Default test" duration-ms="58835" started-at="2019-06-27T04:49:19Z" finished-at="2019-06-27T04:50:18Z">
      <class name="com.training.sanity.tests.GroupElearing">
        <test-method status="PASS" signature="setUpBeforeClass()[pri:0, instance:com.training.sanity.tests.GroupElearing@28feb3fa]" name="setUpBeforeClass" is-config="true" duration-ms="13" started-at="2019-06-27T10:19:19Z" finished-at="2019-06-27T10:19:19Z">
          <reporter-output>
          </reporter-output>
        </test-method> <!-- setUpBeforeClass -->
        <test-method status="PASS" signature="setUp()[pri:0, instance:com.training.sanity.tests.GroupElearing@28feb3fa]" name="setUp" is-config="true" duration-ms="25813" started-at="2019-06-27T10:19:19Z" finished-at="2019-06-27T10:19:45Z">
          <reporter-output>
          </reporter-output>
        </test-method> <!-- setUp -->
        <test-method status="PASS" signature="validLoginTest()[pri:0, instance:com.training.sanity.tests.GroupElearing@28feb3fa]" name="validLoginTest" duration-ms="31984" started-at="2019-06-27T10:19:45Z" finished-at="2019-06-27T10:20:17Z">
          <reporter-output>
          </reporter-output>
        </test-method> <!-- validLoginTest -->
        <test-method status="PASS" signature="tearDown()[pri:0, instance:com.training.sanity.tests.GroupElearing@28feb3fa]" name="tearDown" is-config="true" duration-ms="1001" started-at="2019-06-27T10:20:17Z" finished-at="2019-06-27T10:20:18Z">
          <reporter-output>
          </reporter-output>
        </test-method> <!-- tearDown -->
      </class> <!-- com.training.sanity.tests.GroupElearing -->
    </test> <!-- Default test -->
  </suite> <!-- Default suite -->
</testng-results>
